WARNING:werkzeug: * Debugger is active!
INFO:werkzeug: * Debugger PIN: 849-882-824
INFO:werkzeug: * Detected change in '/home/rubinakumari/LFA/lap4/lap4_project/lap4-project-backend/application/controllers/user.py', reloading
WARNING:werkzeug: * Debugger is active!
INFO:werkzeug: * Debugger PIN: 849-882-824
INFO:werkzeug: * Detected change in '/home/rubinakumari/LFA/lap4/lap4_project/lap4-project-backend/application/controllers/user.py', reloading
WARNING:werkzeug: * Debugger is active!
INFO:werkzeug: * Debugger PIN: 849-882-824
INFO:werkzeug:127.0.0.1 - - [25/Sep/2023 16:20:17] "[31m[1mPOST /users/register HTTP/1.1[0m" 400 -
ERROR:root:An error occurred: (psycopg2.errors.StringDataRightTruncation) value too long for type character varying(20)

[SQL: INSERT INTO users (username, email, name, password) VALUES (%(username)s, %(email)s, %(name)s, %(password)s) RETURNING users.id]
[parameters: {'username': 'rubz', 'email': 'rubz@example.com', 'name': 'Rubina', 'password': 'sha256$d4v1zd2DtAWldPNH$9a9d9d6919f46415e62d280ae45e6e6b43ded8bb3711084ba802e8cdfd10523d'}]
(Background on this error at: https://sqlalche.me/e/20/9h9h)
INFO:werkzeug:127.0.0.1 - - [25/Sep/2023 16:20:28] "[35m[1mPOST /users/register HTTP/1.1[0m" 500 -
ERROR:root:An error occurred: (psycopg2.errors.StringDataRightTruncation) value too long for type character varying(20)

[SQL: INSERT INTO users (username, email, name, password) VALUES (%(username)s, %(email)s, %(name)s, %(password)s) RETURNING users.id]
[parameters: {'username': 'rubz', 'email': 'rubz@example.com', 'name': 'Rubina', 'password': 'sha256$ls05mMTcVXv89P9y$f0d45edffa8dc9b485253fcceca4e3c7de5ba9dd3385e88e38241518e76875a5'}]
(Background on this error at: https://sqlalche.me/e/20/9h9h)
INFO:werkzeug:127.0.0.1 - - [25/Sep/2023 16:20:32] "[35m[1mPOST /users/register HTTP/1.1[0m" 500 -
ERROR:root:An error occurred: (psycopg2.errors.StringDataRightTruncation) value too long for type character varying(20)

[SQL: INSERT INTO users (username, email, name, password) VALUES (%(username)s, %(email)s, %(name)s, %(password)s) RETURNING users.id]
[parameters: {'username': 'rubz', 'email': 'rubz@example.com', 'name': 'Rubz', 'password': 'sha256$Po0JmrgrGiOeIKaN$b5bfd267bfaf966a825b0474142f78db859c6e3c01932c606d2231d3c52dcab9'}]
(Background on this error at: https://sqlalche.me/e/20/9h9h)
INFO:werkzeug:127.0.0.1 - - [25/Sep/2023 16:20:39] "[35m[1mPOST /users/register HTTP/1.1[0m" 500 -
INFO:werkzeug: * Detected change in '/home/rubinakumari/LFA/lap4/lap4_project/lap4-project-backend/application/controllers/user.py', reloading
WARNING:werkzeug: * Debugger is active!
INFO:werkzeug: * Debugger PIN: 849-882-824
INFO:werkzeug: * Detected change in '/home/rubinakumari/LFA/lap4/lap4_project/lap4-project-backend/application/controllers/user.py', reloading
WARNING:werkzeug: * Debugger is active!
INFO:werkzeug: * Debugger PIN: 849-882-824
ERROR:root:An error occurred: (psycopg2.errors.StringDataRightTruncation) value too long for type character varying(20)

[SQL: INSERT INTO users (username, email, name, password) VALUES (%(username)s, %(email)s, %(name)s, %(password)s) RETURNING users.id]
[parameters: {'username': 'rubz', 'email': 'rubz@example.com', 'name': 'Rubz', 'password': 'scrypt:32768:8:1$0U9F4FEGJPQfTmDO$ea0f89ce9ce82ec1a5da351c775feae86f3d4f9f018a82e75eadbdfb2a0d6360f66ea1966dd8ae081ac607a34134af940b24918b622411e89b7d90e56383ae39'}]
(Background on this error at: https://sqlalche.me/e/20/9h9h)
INFO:werkzeug:127.0.0.1 - - [25/Sep/2023 16:22:02] "[35m[1mPOST /users/register HTTP/1.1[0m" 500 -
ERROR:root:An error occurred: not enough values to unpack (expected 4, got 3)
INFO:werkzeug:127.0.0.1 - - [25/Sep/2023 16:22:19] "[35m[1mPOST /users/register HTTP/1.1[0m" 500 -
INFO:werkzeug:127.0.0.1 - - [25/Sep/2023 16:22:22] "GET /users HTTP/1.1" 200 -
INFO:werkzeug:127.0.0.1 - - [25/Sep/2023 16:22:24] "GET /users HTTP/1.1" 200 -
INFO:werkzeug:127.0.0.1 - - [25/Sep/2023 16:23:43] "OPTIONS /users/register HTTP/1.1" 200 -
INFO:werkzeug:127.0.0.1 - - [25/Sep/2023 16:23:43] "[31m[1mPOST /users/register HTTP/1.1[0m" 400 -
INFO:werkzeug:127.0.0.1 - - [25/Sep/2023 16:23:56] "OPTIONS /users/register HTTP/1.1" 200 -
ERROR:root:An error occurred: (psycopg2.errors.StringDataRightTruncation) value too long for type character varying(20)

[SQL: INSERT INTO users (username, email, name, password) VALUES (%(username)s, %(email)s, %(name)s, %(password)s) RETURNING users.id]
[parameters: {'username': 'rubz', 'email': 'rubz@example.com', 'name': 'Rubina', 'password': 'scrypt:32768:8:1$NfjUYbuELVlekY4M$880481a6abb039a9eb7b105c8fb93d3e1cb056b88ee2a5f08fe8a9d70ad4ea59311f24c86470a8e73c02c9e924ddf5c90ddc27eac8eb07cba78562e13566c8f9'}]
(Background on this error at: https://sqlalche.me/e/20/9h9h)
INFO:werkzeug:127.0.0.1 - - [25/Sep/2023 16:23:56] "[35m[1mPOST /users/register HTTP/1.1[0m" 500 -
INFO:werkzeug:[31m[1mWARNING: This is a development server. Do not use it in a production deployment. Use a production WSGI server instead.[0m
 * Running on http://127.0.0.1:5000
INFO:werkzeug:[33mPress CTRL+C to quit[0m
INFO:werkzeug: * Restarting with stat
WARNING:werkzeug: * Debugger is active!
INFO:werkzeug: * Debugger PIN: 849-882-824
INFO:werkzeug:127.0.0.1 - - [25/Sep/2023 16:25:22] "GET / HTTP/1.1" 200 -
INFO:werkzeug:127.0.0.1 - - [25/Sep/2023 16:25:40] "OPTIONS /users/register HTTP/1.1" 200 -
ERROR:root:An error occurred: (psycopg2.errors.StringDataRightTruncation) value too long for type character varying(20)

[SQL: INSERT INTO users (username, email, name, password) VALUES (%(username)s, %(email)s, %(name)s, %(password)s) RETURNING users.id]
[parameters: {'username': 'rubz', 'email': 'rubz@example.com', 'name': 'Rubina', 'password': 'scrypt:32768:8:1$O7McbSgmBRwusFFW$6fa883268bed4bffbb35e6eedf484fc4ba66cf9af53b42be076f5a08428ac650f2d4399d43081d5171bcf8b58921d840af4dcba056964c0d125d67cad71aed33'}]
(Background on this error at: https://sqlalche.me/e/20/9h9h)
INFO:werkzeug:127.0.0.1 - - [25/Sep/2023 16:25:41] "[35m[1mPOST /users/register HTTP/1.1[0m" 500 -
INFO:werkzeug:[31m[1mWARNING: This is a development server. Do not use it in a production deployment. Use a production WSGI server instead.[0m
 * Running on http://127.0.0.1:5000
INFO:werkzeug:[33mPress CTRL+C to quit[0m
INFO:werkzeug: * Restarting with stat
WARNING:werkzeug: * Debugger is active!
INFO:werkzeug: * Debugger PIN: 849-882-824
INFO:werkzeug:127.0.0.1 - - [25/Sep/2023 16:25:58] "GET / HTTP/1.1" 200 -
INFO:werkzeug:127.0.0.1 - - [25/Sep/2023 16:26:20] "OPTIONS /users/register HTTP/1.1" 200 -
ERROR:root:An error occurred: (psycopg2.errors.StringDataRightTruncation) value too long for type character varying(20)

[SQL: INSERT INTO users (username, email, name, password) VALUES (%(username)s, %(email)s, %(name)s, %(password)s) RETURNING users.id]
[parameters: {'username': 'rubz', 'email': 'rubz@example.com', 'name': 'Rubina', 'password': 'scrypt:32768:8:1$BZwWjz57ZHqeHDqn$a060fa15a53a35829090e93132dca80fcaa6222ee3036fbd7ae36e07289c5cc07fee046b82d994559c152f84b7b055b7d83cdb1b0319f718b0e582743ffc13e2'}]
(Background on this error at: https://sqlalche.me/e/20/9h9h)
INFO:werkzeug:127.0.0.1 - - [25/Sep/2023 16:26:20] "[35m[1mPOST /users/register HTTP/1.1[0m" 500 -
INFO:werkzeug: * Detected change in '/home/rubinakumari/LFA/lap4/lap4_project/lap4-project-backend/application/controllers/user.py', reloading
INFO:werkzeug: * Restarting with stat
WARNING:werkzeug: * Debugger is active!
INFO:werkzeug: * Debugger PIN: 849-882-824
INFO:werkzeug:127.0.0.1 - - [25/Sep/2023 16:26:44] "OPTIONS /users/register HTTP/1.1" 200 -
INFO:werkzeug:127.0.0.1 - - [25/Sep/2023 16:26:46] "[35m[1mPOST /users/register HTTP/1.1[0m" 500 -
INFO:werkzeug:[31m[1mWARNING: This is a development server. Do not use it in a production deployment. Use a production WSGI server instead.[0m
 * Running on http://127.0.0.1:5000
INFO:werkzeug:[33mPress CTRL+C to quit[0m
INFO:werkzeug: * Restarting with stat
WARNING:werkzeug: * Debugger is active!
INFO:werkzeug: * Debugger PIN: 659-703-844
INFO:werkzeug:127.0.0.1 - - [25/Sep/2023 16:37:40] "GET / HTTP/1.1" 200 -
INFO:werkzeug:127.0.0.1 - - [25/Sep/2023 16:37:40] "[33mGET /favicon.ico HTTP/1.1[0m" 404 -
INFO:werkzeug:127.0.0.1 - - [25/Sep/2023 16:37:45] "GET /users HTTP/1.1" 200 -
INFO:werkzeug: * Detected change in '/home/rubinakumari/LFA/lap4/lap4_project/lap4-project-backend/application/controllers/user.py', reloading
INFO:werkzeug: * Restarting with stat
WARNING:werkzeug: * Debugger is active!
INFO:werkzeug: * Debugger PIN: 659-703-844
INFO:werkzeug:127.0.0.1 - - [25/Sep/2023 16:38:36] "OPTIONS /users/register HTTP/1.1" 200 -
ERROR:root:An error occurred: (psycopg2.errors.StringDataRightTruncation) value too long for type character varying(20)

[SQL: INSERT INTO users (username, email, name, password) VALUES (%(username)s, %(email)s, %(name)s, %(password)s) RETURNING users.id]
[parameters: {'username': 'rubz', 'email': 'rubz@example.com', 'name': 'Rubina', 'password': 'scrypt:32768:8:1$z6ii6p3aQcr1uqGn$84ad053e01257461f51211966f8bdb38353b005535094f87c321f1b359f7dde31fdf360ea68c4186c017387caf5964b0a34d543e28a883648ca31edd08d243ea'}]
(Background on this error at: https://sqlalche.me/e/20/9h9h)
INFO:werkzeug:127.0.0.1 - - [25/Sep/2023 16:38:37] "[35m[1mPOST /users/register HTTP/1.1[0m" 500 -
INFO:werkzeug: * Detected change in '/home/rubinakumari/LFA/lap4/lap4_project/lap4-project-backend/application/controllers/user.py', reloading
INFO:werkzeug: * Restarting with stat
WARNING:werkzeug: * Debugger is active!
INFO:werkzeug: * Debugger PIN: 659-703-844
INFO:werkzeug:127.0.0.1 - - [25/Sep/2023 16:39:17] "OPTIONS /users/register HTTP/1.1" 200 -
ERROR:root:An error occurred: (psycopg2.errors.StringDataRightTruncation) value too long for type character varying(20)

[SQL: INSERT INTO users (username, email, name, password) VALUES (%(username)s, %(email)s, %(name)s, %(password)s) RETURNING users.id]
[parameters: {'username': 'rubz', 'email': 'rubz@example.com', 'name': 'Rubina', 'password': 'scrypt:32768:8:1$qlgcfspo0k8Mxrqt$91920aa265e00cf80137fca16f2b1d9d297a7e3f6b4a18f5937be7f9af40b9689d488ef318f7c7798579d0eb177a274d54a0a8ab40e9dbf37a33f71a82b7ba20'}]
(Background on this error at: https://sqlalche.me/e/20/9h9h)
INFO:werkzeug:127.0.0.1 - - [25/Sep/2023 16:39:19] "[35m[1mPOST /users/register HTTP/1.1[0m" 500 -
INFO:werkzeug: * Detected change in '/home/rubinakumari/LFA/lap4/lap4_project/lap4-project-backend/application/controllers/user.py', reloading
INFO:werkzeug: * Restarting with stat
WARNING:werkzeug: * Debugger is active!
INFO:werkzeug: * Debugger PIN: 659-703-844
INFO:werkzeug:127.0.0.1 - - [25/Sep/2023 16:39:44] "OPTIONS /users/register HTTP/1.1" 200 -
ERROR:root:An error occurred: (psycopg2.errors.StringDataRightTruncation) value too long for type character varying(20)

[SQL: INSERT INTO users (username, email, name, password) VALUES (%(username)s, %(email)s, %(name)s, %(password)s) RETURNING users.id]
[parameters: {'username': 'rubz', 'email': 'rubz@example.com', 'name': 'Rubina', 'password': 'scrypt:32768:8:1$whLAdnZqLe6DleZL$025b505e77c6e7ebcc2b244ea5ff7cd1f50eb6e2fcf16cadef721f2d60e23fb91baf4db4096e62250c35fbc4707b5a3bd3b3d951540974bec07bc3149981c5e6'}]
(Background on this error at: https://sqlalche.me/e/20/9h9h)
INFO:werkzeug:127.0.0.1 - - [25/Sep/2023 16:39:45] "[35m[1mPOST /users/register HTTP/1.1[0m" 500 -
INFO:werkzeug: * Detected change in '/home/rubinakumari/LFA/lap4/lap4_project/lap4-project-backend/application/controllers/user.py', reloading
INFO:werkzeug: * Restarting with stat
WARNING:werkzeug: * Debugger is active!
INFO:werkzeug: * Debugger PIN: 659-703-844
INFO:werkzeug:127.0.0.1 - - [25/Sep/2023 16:40:10] "OPTIONS /users/register HTTP/1.1" 200 -
ERROR:root:An error occurred: (psycopg2.errors.StringDataRightTruncation) value too long for type character varying(20)

[SQL: INSERT INTO users (username, email, name, password) VALUES (%(username)s, %(email)s, %(name)s, %(password)s) RETURNING users.id]
[parameters: {'username': 'rubz', 'email': 'rubz@example.com', 'name': 'Rubina', 'password': 'scrypt:32768:8:1$JSsD4r0BgntlwmOO$fac4440d7c4f7b89a48d703ccf38e3c04b4226ab57dc37a8d50320766436f6b2b7b01608b7bfe2114381808baf69eb746aec90867712e3c68c5c727720abd901'}]
(Background on this error at: https://sqlalche.me/e/20/9h9h)
INFO:werkzeug:127.0.0.1 - - [25/Sep/2023 16:40:11] "[35m[1mPOST /users/register HTTP/1.1[0m" 500 -
INFO:werkzeug: * Detected change in '/home/rubinakumari/LFA/lap4/lap4_project/lap4-project-backend/application/controllers/user.py', reloading
INFO:werkzeug: * Restarting with stat
WARNING:werkzeug: * Debugger is active!
INFO:werkzeug: * Debugger PIN: 659-703-844
INFO:werkzeug:127.0.0.1 - - [25/Sep/2023 16:42:47] "OPTIONS /users/register HTTP/1.1" 200 -
ERROR:root:An error occurred: (psycopg2.errors.StringDataRightTruncation) value too long for type character varying(20)

[SQL: INSERT INTO users (username, email, name, password) VALUES (%(username)s, %(email)s, %(name)s, %(password)s) RETURNING users.id]
[parameters: {'username': 'rubz', 'email': 'rubz@example.com', 'name': 'Rubina', 'password': 'scrypt:32768:8:1$AueAkt37ZjXDH9k1$95df7aa50c7391a4727b0f003c1829edd30a24c5a79ea84b612c6b387a6eec12f9166dc27639cfcd04095cdc8543183e3acdd0c87b7b2fc763070f2a40d5a1f5'}]
(Background on this error at: https://sqlalche.me/e/20/9h9h)
INFO:werkzeug:127.0.0.1 - - [25/Sep/2023 16:42:47] "[35m[1mPOST /users/register HTTP/1.1[0m" 500 -
INFO:werkzeug: * Detected change in '/home/rubinakumari/LFA/lap4/lap4_project/lap4-project-backend/application/controllers/user.py', reloading
INFO:werkzeug: * Restarting with stat
WARNING:werkzeug: * Debugger is active!
INFO:werkzeug: * Debugger PIN: 659-703-844
INFO:werkzeug:127.0.0.1 - - [25/Sep/2023 16:45:32] "OPTIONS /users/register HTTP/1.1" 200 -
ERROR:root:An error occurred: (psycopg2.errors.StringDataRightTruncation) value too long for type character varying(20)

[SQL: INSERT INTO users (username, email, name, password) VALUES (%(username)s, %(email)s, %(name)s, %(password)s) RETURNING users.id]
[parameters: {'username': 'rubz', 'email': 'rubz@example.com', 'name': 'Rubina', 'password': 'scrypt:32768:8:1$T1Bm42h7IC3p5C2d$ecb9d051ff53dd8e89aae7c0d71aac1b19cd41437169be856ebb3f598a3f93c71249c16e02cd701b8d84675458c304ba3e46a04d4bd9f162cc13b31ee996421a'}]
(Background on this error at: https://sqlalche.me/e/20/9h9h)
INFO:werkzeug:127.0.0.1 - - [25/Sep/2023 16:45:33] "[35m[1mPOST /users/register HTTP/1.1[0m" 500 -
INFO:werkzeug: * Detected change in '/home/rubinakumari/LFA/lap4/lap4_project/lap4-project-backend/application/controllers/user.py', reloading
INFO:werkzeug: * Restarting with stat
INFO:werkzeug: * Restarting with stat
WARNING:werkzeug: * Debugger is active!
INFO:werkzeug: * Debugger PIN: 659-703-844
INFO:werkzeug:127.0.0.1 - - [25/Sep/2023 16:49:08] "OPTIONS /users/register HTTP/1.1" 200 -
ERROR:root:An error occurred: (psycopg2.errors.StringDataRightTruncation) value too long for type character varying(20)

[SQL: INSERT INTO users (username, email, name, password) VALUES (%(username)s, %(email)s, %(name)s, %(password)s) RETURNING users.id]
[parameters: {'username': 'rubz', 'email': 'rubz@example.com', 'name': 'Rubina', 'password': 'scrypt:32768:8:1$c346x0epsNIY8tfp$8bfda4024586d3e72094074f6c0d7d584d39d761687231bd8903b6fce7a1e30f7c6afb545ba5f57f7c7cdca483016690a8750a7ac11b25fcc6119d31b64b9331'}]
(Background on this error at: https://sqlalche.me/e/20/9h9h)
INFO:werkzeug:127.0.0.1 - - [25/Sep/2023 16:49:09] "[35m[1mPOST /users/register HTTP/1.1[0m" 500 -
INFO:werkzeug: * Detected change in '/home/rubinakumari/LFA/lap4/lap4_project/lap4-project-backend/application/controllers/user.py', reloading
INFO:werkzeug: * Restarting with stat
WARNING:werkzeug: * Debugger is active!
INFO:werkzeug: * Debugger PIN: 659-703-844
INFO:werkzeug:127.0.0.1 - - [25/Sep/2023 16:49:53] "OPTIONS /users/register HTTP/1.1" 200 -
ERROR:root:An error occurred: (psycopg2.errors.StringDataRightTruncation) value too long for type character varying(20)

[SQL: INSERT INTO users (username, email, name, password) VALUES (%(username)s, %(email)s, %(name)s, %(password)s) RETURNING users.id]
[parameters: {'username': 'rubz', 'email': 'rubz@example.com', 'name': 'Rubina', 'password': 'scrypt:32768:8:1$Y6JnpNbkp9DI7zy0$d60035e63b2870f867aefba76419870633e05b2880b50966ecc6f65e1673b666e7a00727028c31efe6a4ccff342b568356e255c624bc73e3e5525236761c1c4d'}]
(Background on this error at: https://sqlalche.me/e/20/9h9h)
INFO:werkzeug:127.0.0.1 - - [25/Sep/2023 16:49:54] "[35m[1mPOST /users/register HTTP/1.1[0m" 500 -
INFO:werkzeug: * Detected change in '/home/rubinakumari/LFA/lap4/lap4_project/lap4-project-backend/application/controllers/user.py', reloading
INFO:werkzeug: * Restarting with stat
WARNING:werkzeug: * Debugger is active!
INFO:werkzeug: * Debugger PIN: 659-703-844
INFO:werkzeug:127.0.0.1 - - [25/Sep/2023 16:50:31] "OPTIONS /users/register HTTP/1.1" 200 -
ERROR:root:An error occurred: (psycopg2.errors.StringDataRightTruncation) value too long for type character varying(20)

[SQL: INSERT INTO users (username, email, name, password) VALUES (%(username)s, %(email)s, %(name)s, %(password)s) RETURNING users.id]
[parameters: {'username': 'rubz', 'email': 'rubz@example.com', 'name': 'Rubina', 'password': 'scrypt:32768:8:1$Uhwh92Ruk7i3jiSE$4b7821498595598516e9141ac19b720500f83e7ea9f6932c23d14a8cf5bc38770d4d0f2c7c5f4d6a6e42b7a97192a362c47c25270320f4d862c416909320963a'}]
(Background on this error at: https://sqlalche.me/e/20/9h9h)
INFO:werkzeug:127.0.0.1 - - [25/Sep/2023 16:50:32] "[35m[1mPOST /users/register HTTP/1.1[0m" 500 -
INFO:werkzeug: * Detected change in '/home/rubinakumari/LFA/lap4/lap4_project/lap4-project-backend/application/controllers/user.py', reloading
INFO:werkzeug: * Restarting with stat
INFO:werkzeug: * Restarting with stat
WARNING:werkzeug: * Debugger is active!
INFO:werkzeug: * Debugger PIN: 659-703-844
INFO:werkzeug:127.0.0.1 - - [25/Sep/2023 16:53:02] "OPTIONS /users/register HTTP/1.1" 200 -
ERROR:root:An error occurred: (psycopg2.errors.StringDataRightTruncation) value too long for type character varying(20)

[SQL: INSERT INTO users (username, email, name, password) VALUES (%(username)s, %(email)s, %(name)s, %(password)s) RETURNING users.id]
[parameters: {'username': 'rubz', 'email': 'rubz@example.com', 'name': 'Rubina', 'password': 'scrypt:32768:8:1$0BUOFO3fuXZ1eQKY$ca8e0e6b457a873a588b7403e157a0541c57805d2d693f999532c753c3bb2d7b7dbe2feb3dd45850c96769b5be89e483777b3baf48c03457da8e5547b674d12b'}]
(Background on this error at: https://sqlalche.me/e/20/9h9h)
INFO:werkzeug:127.0.0.1 - - [25/Sep/2023 16:53:03] "[35m[1mPOST /users/register HTTP/1.1[0m" 500 -
INFO:werkzeug:[31m[1mWARNING: This is a development server. Do not use it in a production deployment. Use a production WSGI server instead.[0m
 * Running on http://127.0.0.1:5000
INFO:werkzeug:[33mPress CTRL+C to quit[0m
INFO:werkzeug: * Restarting with stat
WARNING:werkzeug: * Debugger is active!
INFO:werkzeug: * Debugger PIN: 659-703-844
INFO:werkzeug:127.0.0.1 - - [25/Sep/2023 16:56:01] "OPTIONS /users/register HTTP/1.1" 200 -
ERROR:root:An error occurred: (psycopg2.errors.StringDataRightTruncation) value too long for type character varying(20)

[SQL: INSERT INTO users (username, email, name, password) VALUES (%(username)s, %(email)s, %(name)s, %(password)s) RETURNING users.id]
[parameters: {'username': 'rubz', 'email': 'rubz@example.com', 'name': 'Rubina', 'password': 'scrypt:32768:8:1$a7CgjR7DPmUkFOTu$7e7dc259e91bd4dbca87bcc1ce172818dd4e03890f014ad0f0e1cfebfb69f4496e29298e35d9777bfe377dce0898062e4bdb55a39a9ad7de90b71dfdb83a804b'}]
(Background on this error at: https://sqlalche.me/e/20/9h9h)
INFO:werkzeug:127.0.0.1 - - [25/Sep/2023 16:56:02] "[35m[1mPOST /users/register HTTP/1.1[0m" 500 -
INFO:werkzeug: * Detected change in '/home/rubinakumari/LFA/lap4/lap4_project/lap4-project-backend/application/controllers/user.py', reloading
INFO:werkzeug: * Restarting with stat
WARNING:werkzeug: * Debugger is active!
INFO:werkzeug: * Debugger PIN: 659-703-844
INFO:werkzeug:127.0.0.1 - - [25/Sep/2023 16:57:16] "OPTIONS /users/register HTTP/1.1" 200 -
ERROR:root:An error occurred: (psycopg2.errors.StringDataRightTruncation) value too long for type character varying(20)

[SQL: INSERT INTO users (username, email, name, password) VALUES (%(username)s, %(email)s, %(name)s, %(password)s) RETURNING users.id]
[parameters: {'username': 'rubz', 'email': 'rubz@example.com', 'name': 'Rubina', 'password': 'scrypt:32768:8:1$n5vDQH36nh2QRx9l$ec0e4441dd5357ae06e94c81f15ac97d07063efbc0b92557139189113c2e27b8b0574a3375644889b27ae1184fe9dab7cbb152d20cb9e85a1088623258f02172'}]
(Background on this error at: https://sqlalche.me/e/20/9h9h)
INFO:werkzeug:127.0.0.1 - - [25/Sep/2023 16:57:16] "[35m[1mPOST /users/register HTTP/1.1[0m" 500 -
INFO:werkzeug: * Detected change in '/home/rubinakumari/LFA/lap4/lap4_project/lap4-project-backend/application/controllers/user.py', reloading
INFO:werkzeug: * Restarting with stat
WARNING:werkzeug: * Debugger is active!
INFO:werkzeug: * Debugger PIN: 659-703-844
INFO:werkzeug: * Detected change in '/home/rubinakumari/LFA/lap4/lap4_project/lap4-project-backend/application/controllers/user.py', reloading
INFO:werkzeug: * Restarting with stat
WARNING:werkzeug: * Debugger is active!
INFO:werkzeug: * Debugger PIN: 659-703-844
INFO:werkzeug:127.0.0.1 - - [25/Sep/2023 16:57:42] "OPTIONS /users/register HTTP/1.1" 200 -
ERROR:root:An error occurred: (psycopg2.errors.StringDataRightTruncation) value too long for type character varying(20)

[SQL: INSERT INTO users (username, email, name, password) VALUES (%(username)s, %(email)s, %(name)s, %(password)s) RETURNING users.id]
[parameters: {'username': 'rubz', 'email': 'rubz@example.com', 'name': 'Rubina', 'password': 'scrypt:32768:8:1$HG0FHIqUWOAmlZUD$eabf98f3a2f7cc85db15aea37e4d3dc4b16beb7e48e02ed98aa975937b27594ac53f36ebbf0183a89c7c56b6f0fc4d5a60366674746be01b470a6e1d38142c8b'}]
(Background on this error at: https://sqlalche.me/e/20/9h9h)
INFO:werkzeug:127.0.0.1 - - [25/Sep/2023 16:57:42] "[35m[1mPOST /users/register HTTP/1.1[0m" 500 -
INFO:werkzeug:127.0.0.1 - - [25/Sep/2023 17:03:38] "OPTIONS /users/register HTTP/1.1" 200 -
ERROR:root:An error occurred: (psycopg2.errors.StringDataRightTruncation) value too long for type character varying(20)

[SQL: INSERT INTO users (username, email, name, password) VALUES (%(username)s, %(email)s, %(name)s, %(password)s) RETURNING users.id]
[parameters: {'username': 'Rubina', 'email': 'rubz@example.com', 'name': 'rubz', 'password': 'scrypt:32768:8:1$xREjOnkfNAlFscai$fed4c57aa0a7666744cf44ca5392295eddfae4d71f8acf07d05a80f47d2822ff660c97f6c32fd29a2afa7c4e42aa24d08be1bf0b767aad39a9f1aec34603abf1'}]
(Background on this error at: https://sqlalche.me/e/20/9h9h)
INFO:werkzeug:127.0.0.1 - - [25/Sep/2023 17:03:38] "[35m[1mPOST /users/register HTTP/1.1[0m" 500 -
INFO:werkzeug: * Detected change in '/home/rubinakumari/LFA/lap4/lap4_project/lap4-project-backend/seed.py', reloading
INFO:werkzeug: * Restarting with stat
WARNING:werkzeug: * Debugger is active!
INFO:werkzeug: * Debugger PIN: 659-703-844
INFO:werkzeug:[31m[1mWARNING: This is a development server. Do not use it in a production deployment. Use a production WSGI server instead.[0m
 * Running on http://127.0.0.1:5000
INFO:werkzeug:[33mPress CTRL+C to quit[0m
INFO:werkzeug: * Restarting with stat
WARNING:werkzeug: * Debugger is active!
INFO:werkzeug: * Debugger PIN: 659-703-844
INFO:werkzeug:127.0.0.1 - - [25/Sep/2023 17:05:36] "GET /users HTTP/1.1" 200 -
INFO:werkzeug:127.0.0.1 - - [25/Sep/2023 17:05:38] "GET / HTTP/1.1" 200 -
INFO:werkzeug:127.0.0.1 - - [25/Sep/2023 17:05:44] "GET /users HTTP/1.1" 200 -
INFO:werkzeug:127.0.0.1 - - [25/Sep/2023 17:05:47] "GET /users HTTP/1.1" 200 -
INFO:werkzeug:127.0.0.1 - - [25/Sep/2023 17:05:48] "GET /users HTTP/1.1" 200 -
INFO:werkzeug: * Detected change in '/home/rubinakumari/LFA/lap4/lap4_project/lap4-project-backend/seed.py', reloading
INFO:werkzeug: * Restarting with stat
WARNING:werkzeug: * Debugger is active!
INFO:werkzeug: * Debugger PIN: 659-703-844
INFO:werkzeug:[31m[1mWARNING: This is a development server. Do not use it in a production deployment. Use a production WSGI server instead.[0m
 * Running on http://127.0.0.1:5000
INFO:werkzeug:[33mPress CTRL+C to quit[0m
INFO:werkzeug: * Restarting with stat
WARNING:werkzeug: * Debugger is active!
INFO:werkzeug: * Debugger PIN: 659-703-844
INFO:werkzeug:127.0.0.1 - - [25/Sep/2023 17:06:44] "GET /users HTTP/1.1" 200 -
INFO:werkzeug: * Detected change in '/home/rubinakumari/LFA/lap4/lap4_project/lap4-project-backend/application/__init__.py', reloading
INFO:werkzeug: * Restarting with stat
WARNING:werkzeug: * Debugger is active!
INFO:werkzeug: * Debugger PIN: 659-703-844
INFO:werkzeug:[31m[1mWARNING: This is a development server. Do not use it in a production deployment. Use a production WSGI server instead.[0m
 * Running on http://127.0.0.1:5000
INFO:werkzeug:[33mPress CTRL+C to quit[0m
INFO:werkzeug: * Restarting with stat
WARNING:werkzeug: * Debugger is active!
INFO:werkzeug: * Debugger PIN: 659-703-844
INFO:werkzeug:127.0.0.1 - - [25/Sep/2023 17:10:38] "OPTIONS /users/register HTTP/1.1" 200 -
INFO:sqlalchemy.engine.Engine:select pg_catalog.version()
INFO:sqlalchemy.engine.Engine:[raw sql] {}
INFO:sqlalchemy.engine.Engine:select current_schema()
INFO:sqlalchemy.engine.Engine:[raw sql] {}
INFO:sqlalchemy.engine.Engine:show standard_conforming_strings
INFO:sqlalchemy.engine.Engine:[raw sql] {}
INFO:sqlalchemy.engine.Engine:BEGIN (implicit)
INFO:sqlalchemy.engine.Engine:SELECT users.id AS users_id, users.username AS users_username, users.email AS users_email, users.name AS users_name, users.password AS users_password 
FROM users 
WHERE users.username = %(username_1)s 
 LIMIT %(param_1)s
INFO:sqlalchemy.engine.Engine:[generated in 0.00054s] {'username_1': 'Rubina', 'param_1': 1}
INFO:sqlalchemy.engine.Engine:SELECT users.id AS users_id, users.username AS users_username, users.email AS users_email, users.name AS users_name, users.password AS users_password 
FROM users 
WHERE users.email = %(email_1)s 
 LIMIT %(param_1)s
INFO:sqlalchemy.engine.Engine:[generated in 0.00115s] {'email_1': 'rubz@example.com', 'param_1': 1}
INFO:sqlalchemy.engine.Engine:ROLLBACK
INFO:werkzeug:127.0.0.1 - - [25/Sep/2023 17:10:39] "[31m[1mPOST /users/register HTTP/1.1[0m" 400 -
INFO:werkzeug:127.0.0.1 - - [25/Sep/2023 17:10:48] "OPTIONS /users/register HTTP/1.1" 200 -
INFO:sqlalchemy.engine.Engine:BEGIN (implicit)
INFO:sqlalchemy.engine.Engine:SELECT users.id AS users_id, users.username AS users_username, users.email AS users_email, users.name AS users_name, users.password AS users_password 
FROM users 
WHERE users.username = %(username_1)s 
 LIMIT %(param_1)s
INFO:sqlalchemy.engine.Engine:[cached since 9.344s ago] {'username_1': 'Rubina', 'param_1': 1}
INFO:sqlalchemy.engine.Engine:SELECT users.id AS users_id, users.username AS users_username, users.email AS users_email, users.name AS users_name, users.password AS users_password 
FROM users 
WHERE users.email = %(email_1)s 
 LIMIT %(param_1)s
INFO:sqlalchemy.engine.Engine:[cached since 9.328s ago] {'email_1': 'rubzz@example.com', 'param_1': 1}
INFO:sqlalchemy.engine.Engine:INSERT INTO users (username, email, name, password) VALUES (%(username)s, %(email)s, %(name)s, %(password)s) RETURNING users.id
INFO:sqlalchemy.engine.Engine:[generated in 0.00042s] {'username': 'Rubina', 'email': 'rubzz@example.com', 'name': 'rubz', 'password': 'scrypt:32768:8:1$9QF6YEjHzJiKeYAc$0ad713e5de47ef5495dea11b7cb2e234f8fecdb2399cc7e7b82f5abf553e8743805cc2243bb4962ec0354b2c6f49286f3045504a8fc4c1986fc26fe61d9a9c3b'}
INFO:sqlalchemy.engine.Engine:ROLLBACK
ERROR:root:An error occurred: (psycopg2.errors.StringDataRightTruncation) value too long for type character varying(20)

[SQL: INSERT INTO users (username, email, name, password) VALUES (%(username)s, %(email)s, %(name)s, %(password)s) RETURNING users.id]
[parameters: {'username': 'Rubina', 'email': 'rubzz@example.com', 'name': 'rubz', 'password': 'scrypt:32768:8:1$9QF6YEjHzJiKeYAc$0ad713e5de47ef5495dea11b7cb2e234f8fecdb2399cc7e7b82f5abf553e8743805cc2243bb4962ec0354b2c6f49286f3045504a8fc4c1986fc26fe61d9a9c3b'}]
(Background on this error at: https://sqlalche.me/e/20/9h9h)
INFO:werkzeug:127.0.0.1 - - [25/Sep/2023 17:10:49] "[35m[1mPOST /users/register HTTP/1.1[0m" 500 -
INFO:werkzeug:127.0.0.1 - - [25/Sep/2023 17:12:47] "OPTIONS /users HTTP/1.1" 200 -
INFO:sqlalchemy.engine.Engine:BEGIN (implicit)
INFO:sqlalchemy.engine.Engine:INSERT INTO users (username, email, name, password) VALUES (%(username)s, %(email)s, %(name)s, %(password)s) RETURNING users.id
INFO:sqlalchemy.engine.Engine:[cached since 119.1s ago] {'username': 'Rubina', 'email': 'rubzz@example.com', 'name': 'rubz', 'password': 'jkl'}
INFO:sqlalchemy.engine.Engine:COMMIT
INFO:sqlalchemy.engine.Engine:BEGIN (implicit)
INFO:sqlalchemy.engine.Engine:SELECT users.id AS users_id, users.username AS users_username, users.email AS users_email, users.name AS users_name, users.password AS users_password 
FROM users 
WHERE users.id = %(pk_1)s
INFO:sqlalchemy.engine.Engine:[generated in 0.00074s] {'pk_1': 7}
INFO:sqlalchemy.engine.Engine:ROLLBACK
INFO:werkzeug:127.0.0.1 - - [25/Sep/2023 17:12:48] "[35m[1mPOST /users HTTP/1.1[0m" 201 -
INFO:sqlalchemy.engine.Engine:BEGIN (implicit)
INFO:sqlalchemy.engine.Engine:SELECT users.id AS users_id, users.username AS users_username, users.email AS users_email, users.name AS users_name, users.password AS users_password 
FROM users
INFO:sqlalchemy.engine.Engine:[generated in 0.00028s] {}
INFO:sqlalchemy.engine.Engine:ROLLBACK
INFO:werkzeug:127.0.0.1 - - [25/Sep/2023 17:12:52] "GET /users HTTP/1.1" 200 -
INFO:werkzeug:127.0.0.1 - - [25/Sep/2023 17:20:58] "OPTIONS /users/register HTTP/1.1" 200 -
INFO:sqlalchemy.engine.Engine:BEGIN (implicit)
INFO:sqlalchemy.engine.Engine:SELECT users.id AS users_id, users.username AS users_username, users.email AS users_email, users.name AS users_name, users.password AS users_password 
FROM users 
WHERE users.username = %(username_1)s 
 LIMIT %(param_1)s
INFO:sqlalchemy.engine.Engine:[cached since 619.4s ago] {'username_1': 'Rubina', 'param_1': 1}
INFO:sqlalchemy.engine.Engine:ROLLBACK
INFO:werkzeug:127.0.0.1 - - [25/Sep/2023 17:20:58] "[31m[1mPOST /users/register HTTP/1.1[0m" 400 -
INFO:werkzeug:127.0.0.1 - - [25/Sep/2023 17:21:04] "OPTIONS /users/register HTTP/1.1" 200 -
INFO:sqlalchemy.engine.Engine:BEGIN (implicit)
INFO:sqlalchemy.engine.Engine:SELECT users.id AS users_id, users.username AS users_username, users.email AS users_email, users.name AS users_name, users.password AS users_password 
FROM users 
WHERE users.username = %(username_1)s 
 LIMIT %(param_1)s
INFO:sqlalchemy.engine.Engine:[cached since 625.7s ago] {'username_1': 'Rubinaa', 'param_1': 1}
INFO:sqlalchemy.engine.Engine:SELECT users.id AS users_id, users.username AS users_username, users.email AS users_email, users.name AS users_name, users.password AS users_password 
FROM users 
WHERE users.email = %(email_1)s 
 LIMIT %(param_1)s
INFO:sqlalchemy.engine.Engine:[cached since 625.7s ago] {'email_1': 'rubzz@example.com', 'param_1': 1}
INFO:sqlalchemy.engine.Engine:ROLLBACK
INFO:werkzeug:127.0.0.1 - - [25/Sep/2023 17:21:05] "[31m[1mPOST /users/register HTTP/1.1[0m" 400 -
INFO:werkzeug:127.0.0.1 - - [25/Sep/2023 17:21:35] "OPTIONS /users/register HTTP/1.1" 200 -
INFO:sqlalchemy.engine.Engine:BEGIN (implicit)
INFO:sqlalchemy.engine.Engine:SELECT users.id AS users_id, users.username AS users_username, users.email AS users_email, users.name AS users_name, users.password AS users_password 
FROM users 
WHERE users.username = %(username_1)s 
 LIMIT %(param_1)s
INFO:sqlalchemy.engine.Engine:[cached since 655.8s ago] {'username_1': 'Rubinaa', 'param_1': 1}
INFO:sqlalchemy.engine.Engine:SELECT users.id AS users_id, users.username AS users_username, users.email AS users_email, users.name AS users_name, users.password AS users_password 
FROM users 
WHERE users.email = %(email_1)s 
 LIMIT %(param_1)s
INFO:sqlalchemy.engine.Engine:[cached since 655.8s ago] {'email_1': 'rubzzz@example.com', 'param_1': 1}
INFO:sqlalchemy.engine.Engine:INSERT INTO users (username, email, name, password) VALUES (%(username)s, %(email)s, %(name)s, %(password)s) RETURNING users.id
INFO:sqlalchemy.engine.Engine:[cached since 646.5s ago] {'username': 'Rubinaa', 'email': 'rubzzz@example.com', 'name': 'rubz', 'password': 'scrypt:32768:8:1$FMVNZPCF0uVIvHvm$42a3c2ac4730c6ce0bb5176c397a5af189a8d6ae4307602fe8fd3f0e797bb05fe20f7c132c7a875d6023df4035678fca03ca3a4205b6b30693b07a1b4df1ee4d'}
INFO:sqlalchemy.engine.Engine:ROLLBACK
ERROR:root:An error occurred: (psycopg2.errors.StringDataRightTruncation) value too long for type character varying(20)

[SQL: INSERT INTO users (username, email, name, password) VALUES (%(username)s, %(email)s, %(name)s, %(password)s) RETURNING users.id]
[parameters: {'username': 'Rubinaa', 'email': 'rubzzz@example.com', 'name': 'rubz', 'password': 'scrypt:32768:8:1$FMVNZPCF0uVIvHvm$42a3c2ac4730c6ce0bb5176c397a5af189a8d6ae4307602fe8fd3f0e797bb05fe20f7c132c7a875d6023df4035678fca03ca3a4205b6b30693b07a1b4df1ee4d'}]
(Background on this error at: https://sqlalche.me/e/20/9h9h)
INFO:werkzeug:127.0.0.1 - - [25/Sep/2023 17:21:35] "[35m[1mPOST /users/register HTTP/1.1[0m" 500 -
INFO:werkzeug: * Detected change in '/home/rubinakumari/LFA/lap4/lap4_project/lap4-project-backend/application/controllers/user.py', reloading
INFO:werkzeug: * Restarting with stat
WARNING:werkzeug: * Debugger is active!
INFO:werkzeug: * Debugger PIN: 659-703-844
INFO:werkzeug:127.0.0.1 - - [25/Sep/2023 17:23:33] "OPTIONS /users/register HTTP/1.1" 200 -
INFO:sqlalchemy.engine.Engine:select pg_catalog.version()
INFO:sqlalchemy.engine.Engine:[raw sql] {}
INFO:sqlalchemy.engine.Engine:select current_schema()
INFO:sqlalchemy.engine.Engine:[raw sql] {}
INFO:sqlalchemy.engine.Engine:show standard_conforming_strings
INFO:sqlalchemy.engine.Engine:[raw sql] {}
INFO:sqlalchemy.engine.Engine:BEGIN (implicit)
INFO:sqlalchemy.engine.Engine:SELECT users.id AS users_id, users.username AS users_username, users.email AS users_email, users.name AS users_name, users.password AS users_password 
FROM users 
WHERE users.username = %(username_1)s 
 LIMIT %(param_1)s
INFO:sqlalchemy.engine.Engine:[generated in 0.00088s] {'username_1': 'Rubinaa', 'param_1': 1}
INFO:sqlalchemy.engine.Engine:SELECT users.id AS users_id, users.username AS users_username, users.email AS users_email, users.name AS users_name, users.password AS users_password 
FROM users 
WHERE users.email = %(email_1)s 
 LIMIT %(param_1)s
INFO:sqlalchemy.engine.Engine:[generated in 0.00057s] {'email_1': 'rubzzz@example.com', 'param_1': 1}
INFO:sqlalchemy.engine.Engine:INSERT INTO users (username, email, name, password) VALUES (%(username)s, %(email)s, %(name)s, %(password)s) RETURNING users.id
INFO:sqlalchemy.engine.Engine:[generated in 0.00055s] {'username': 'Rubinaa', 'email': 'rubzzz@example.com', 'name': 'rubz', 'password': 'scrypt:32768:8:1$0DOurooW1G0vgXA7$ca262c5dc1eb2f2748f46063c6a2f3c6be69a53f44345adfedbf8742e5ecfc74d1f48418e76f7e6bc163940862a8b0a182a60a17b34c57b1126d627440c13a60'}
INFO:sqlalchemy.engine.Engine:ROLLBACK
ERROR:root:An error occurred: (psycopg2.errors.StringDataRightTruncation) value too long for type character varying(20)

[SQL: INSERT INTO users (username, email, name, password) VALUES (%(username)s, %(email)s, %(name)s, %(password)s) RETURNING users.id]
[parameters: {'username': 'Rubinaa', 'email': 'rubzzz@example.com', 'name': 'rubz', 'password': 'scrypt:32768:8:1$0DOurooW1G0vgXA7$ca262c5dc1eb2f2748f46063c6a2f3c6be69a53f44345adfedbf8742e5ecfc74d1f48418e76f7e6bc163940862a8b0a182a60a17b34c57b1126d627440c13a60'}]
(Background on this error at: https://sqlalche.me/e/20/9h9h)
INFO:werkzeug:127.0.0.1 - - [25/Sep/2023 17:23:35] "[35m[1mPOST /users/register HTTP/1.1[0m" 500 -
INFO:werkzeug:[31m[1mWARNING: This is a development server. Do not use it in a production deployment. Use a production WSGI server instead.[0m
 * Running on http://127.0.0.1:5000
INFO:werkzeug:[33mPress CTRL+C to quit[0m
INFO:werkzeug: * Restarting with stat
WARNING:werkzeug: * Debugger is active!
INFO:werkzeug: * Debugger PIN: 659-703-844
INFO:werkzeug:127.0.0.1 - - [25/Sep/2023 17:27:07] "OPTIONS /users/register HTTP/1.1" 200 -
INFO:sqlalchemy.engine.Engine:select pg_catalog.version()
INFO:sqlalchemy.engine.Engine:[raw sql] {}
INFO:sqlalchemy.engine.Engine:select current_schema()
INFO:sqlalchemy.engine.Engine:[raw sql] {}
INFO:sqlalchemy.engine.Engine:show standard_conforming_strings
INFO:sqlalchemy.engine.Engine:[raw sql] {}
INFO:sqlalchemy.engine.Engine:BEGIN (implicit)
INFO:sqlalchemy.engine.Engine:SELECT users.id AS users_id, users.username AS users_username, users.email AS users_email, users.name AS users_name, users.password AS users_password 
FROM users 
WHERE users.username = %(username_1)s 
 LIMIT %(param_1)s
INFO:sqlalchemy.engine.Engine:[generated in 0.00066s] {'username_1': 'Rubinaa', 'param_1': 1}
INFO:sqlalchemy.engine.Engine:SELECT users.id AS users_id, users.username AS users_username, users.email AS users_email, users.name AS users_name, users.password AS users_password 
FROM users 
WHERE users.email = %(email_1)s 
 LIMIT %(param_1)s
INFO:sqlalchemy.engine.Engine:[generated in 0.00140s] {'email_1': 'rubzzz@example.com', 'param_1': 1}
INFO:sqlalchemy.engine.Engine:INSERT INTO users (username, email, name, password) VALUES (%(username)s, %(email)s, %(name)s, %(password)s) RETURNING users.id
INFO:sqlalchemy.engine.Engine:[generated in 0.00028s] {'username': 'Rubinaa', 'email': 'rubzzz@example.com', 'name': 'rubz', 'password': 'scrypt:32768:8:1$ybRbNyQQ3AHnn4iU$ca6d6c19d695d4a35ac3dafeebd9297471ec368e8adef39b2a3f1a84982f28c6aa340b069a59d3468269bb9f964b61337adc127325d960770cddf725fbd05e55'}
INFO:sqlalchemy.engine.Engine:ROLLBACK
ERROR:root:An error occurred: (psycopg2.errors.StringDataRightTruncation) value too long for type character varying(20)

[SQL: INSERT INTO users (username, email, name, password) VALUES (%(username)s, %(email)s, %(name)s, %(password)s) RETURNING users.id]
[parameters: {'username': 'Rubinaa', 'email': 'rubzzz@example.com', 'name': 'rubz', 'password': 'scrypt:32768:8:1$ybRbNyQQ3AHnn4iU$ca6d6c19d695d4a35ac3dafeebd9297471ec368e8adef39b2a3f1a84982f28c6aa340b069a59d3468269bb9f964b61337adc127325d960770cddf725fbd05e55'}]
(Background on this error at: https://sqlalche.me/e/20/9h9h)
INFO:werkzeug:127.0.0.1 - - [25/Sep/2023 17:27:08] "[35m[1mPOST /users/register HTTP/1.1[0m" 500 -
INFO:sqlalchemy.engine.Engine:BEGIN (implicit)
INFO:sqlalchemy.engine.Engine:SELECT users.id AS users_id, users.username AS users_username, users.email AS users_email, users.name AS users_name, users.password AS users_password 
FROM users 
WHERE users.username = %(username_1)s 
 LIMIT %(param_1)s
INFO:sqlalchemy.engine.Engine:[cached since 76.4s ago] {'username_1': 'rubzz', 'param_1': 1}
INFO:sqlalchemy.engine.Engine:ROLLBACK
INFO:werkzeug:127.0.0.1 - - [25/Sep/2023 17:28:24] "GET /users/rubzz HTTP/1.1" 200 -
INFO:werkzeug:127.0.0.1 - - [25/Sep/2023 17:31:54] "OPTIONS /users/register HTTP/1.1" 200 -
INFO:sqlalchemy.engine.Engine:BEGIN (implicit)
INFO:sqlalchemy.engine.Engine:SELECT users.id AS users_id, users.username AS users_username, users.email AS users_email, users.name AS users_name, users.password AS users_password 
FROM users 
WHERE users.username = %(username_1)s 
 LIMIT %(param_1)s
INFO:sqlalchemy.engine.Engine:[cached since 286.3s ago] {'username_1': 'rubina1', 'param_1': 1}
INFO:sqlalchemy.engine.Engine:ROLLBACK
INFO:werkzeug:127.0.0.1 - - [25/Sep/2023 17:31:55] "[31m[1mPOST /users/register HTTP/1.1[0m" 400 -
INFO:werkzeug:127.0.0.1 - - [25/Sep/2023 17:32:03] "OPTIONS /users/register HTTP/1.1" 200 -
INFO:sqlalchemy.engine.Engine:BEGIN (implicit)
INFO:sqlalchemy.engine.Engine:SELECT users.id AS users_id, users.username AS users_username, users.email AS users_email, users.name AS users_name, users.password AS users_password 
FROM users 
WHERE users.username = %(username_1)s 
 LIMIT %(param_1)s
INFO:sqlalchemy.engine.Engine:[cached since 294.9s ago] {'username_1': 'rubinaa', 'param_1': 1}
INFO:sqlalchemy.engine.Engine:SELECT users.id AS users_id, users.username AS users_username, users.email AS users_email, users.name AS users_name, users.password AS users_password 
FROM users 
WHERE users.email = %(email_1)s 
 LIMIT %(param_1)s
INFO:sqlalchemy.engine.Engine:[cached since 294.9s ago] {'email_1': 'rubina@example.com', 'param_1': 1}
INFO:sqlalchemy.engine.Engine:ROLLBACK
INFO:werkzeug:127.0.0.1 - - [25/Sep/2023 17:32:03] "[31m[1mPOST /users/register HTTP/1.1[0m" 400 -
INFO:werkzeug:127.0.0.1 - - [25/Sep/2023 17:32:09] "OPTIONS /users/register HTTP/1.1" 200 -
INFO:sqlalchemy.engine.Engine:BEGIN (implicit)
INFO:sqlalchemy.engine.Engine:SELECT users.id AS users_id, users.username AS users_username, users.email AS users_email, users.name AS users_name, users.password AS users_password 
FROM users 
WHERE users.username = %(username_1)s 
 LIMIT %(param_1)s
INFO:sqlalchemy.engine.Engine:[cached since 301s ago] {'username_1': 'rubinaa', 'param_1': 1}
INFO:sqlalchemy.engine.Engine:SELECT users.id AS users_id, users.username AS users_username, users.email AS users_email, users.name AS users_name, users.password AS users_password 
FROM users 
WHERE users.email = %(email_1)s 
 LIMIT %(param_1)s
INFO:sqlalchemy.engine.Engine:[cached since 301s ago] {'email_1': 'rubinaa@example.com', 'param_1': 1}
INFO:sqlalchemy.engine.Engine:INSERT INTO users (username, email, name, password) VALUES (%(username)s, %(email)s, %(name)s, %(password)s) RETURNING users.id
INFO:sqlalchemy.engine.Engine:[cached since 300.9s ago] {'username': 'rubinaa', 'email': 'rubinaa@example.com', 'name': 'Rubina', 'password': 'scrypt:32768:8:1$AohpHhezy2y6ppOF$33bfc2befd5ce1f92625a2d0da730d9f9d60fb50798d9a8e83dbbf8b1130ee2536426a4c278f04f04f2e5134d46c7a2563c8ff741cc3b9c4ae5b799161b73274'}
INFO:sqlalchemy.engine.Engine:ROLLBACK
ERROR:root:An error occurred: (psycopg2.errors.StringDataRightTruncation) value too long for type character varying(20)

[SQL: INSERT INTO users (username, email, name, password) VALUES (%(username)s, %(email)s, %(name)s, %(password)s) RETURNING users.id]
[parameters: {'username': 'rubinaa', 'email': 'rubinaa@example.com', 'name': 'Rubina', 'password': 'scrypt:32768:8:1$AohpHhezy2y6ppOF$33bfc2befd5ce1f92625a2d0da730d9f9d60fb50798d9a8e83dbbf8b1130ee2536426a4c278f04f04f2e5134d46c7a2563c8ff741cc3b9c4ae5b799161b73274'}]
(Background on this error at: https://sqlalche.me/e/20/9h9h)
INFO:werkzeug:127.0.0.1 - - [25/Sep/2023 17:32:09] "[35m[1mPOST /users/register HTTP/1.1[0m" 500 -
INFO:werkzeug:[31m[1mWARNING: This is a development server. Do not use it in a production deployment. Use a production WSGI server instead.[0m
 * Running on http://127.0.0.1:5000
INFO:werkzeug:[33mPress CTRL+C to quit[0m
INFO:werkzeug: * Restarting with stat
WARNING:werkzeug: * Debugger is active!
INFO:werkzeug: * Debugger PIN: 659-703-844
INFO:werkzeug:127.0.0.1 - - [25/Sep/2023 17:34:11] "OPTIONS /users/register HTTP/1.1" 200 -
INFO:sqlalchemy.engine.Engine:select pg_catalog.version()
INFO:sqlalchemy.engine.Engine:[raw sql] {}
INFO:sqlalchemy.engine.Engine:select current_schema()
INFO:sqlalchemy.engine.Engine:[raw sql] {}
INFO:sqlalchemy.engine.Engine:show standard_conforming_strings
INFO:sqlalchemy.engine.Engine:[raw sql] {}
INFO:sqlalchemy.engine.Engine:BEGIN (implicit)
INFO:sqlalchemy.engine.Engine:SELECT users.id AS users_id, users.username AS users_username, users.email AS users_email, users.name AS users_name, users.password AS users_password 
FROM users 
WHERE users.username = %(username_1)s 
 LIMIT %(param_1)s
INFO:sqlalchemy.engine.Engine:[generated in 0.00105s] {'username_1': 'rubinaa', 'param_1': 1}
INFO:sqlalchemy.engine.Engine:SELECT users.id AS users_id, users.username AS users_username, users.email AS users_email, users.name AS users_name, users.password AS users_password 
FROM users 
WHERE users.email = %(email_1)s 
 LIMIT %(param_1)s
INFO:sqlalchemy.engine.Engine:[generated in 0.00038s] {'email_1': 'rubinaa@example.com', 'param_1': 1}
INFO:sqlalchemy.engine.Engine:INSERT INTO users (username, email, name, password) VALUES (%(username)s, %(email)s, %(name)s, %(password)s) RETURNING users.id
INFO:sqlalchemy.engine.Engine:[generated in 0.00072s] {'username': 'rubinaa', 'email': 'rubinaa@example.com', 'name': 'Rubina', 'password': 'scrypt:32768:8:1$nJU64KDvnCJ4ltdN$4ee137a72c5849fd3e12706b235ef4d74c97ddb3739bce6af99bea11a6f5ed55e0dddd60f9fc112b1c03047cd9a979606d8f0242d3c2656e22a028d048a117d0'}
INFO:sqlalchemy.engine.Engine:ROLLBACK
ERROR:root:An error occurred: (psycopg2.errors.StringDataRightTruncation) value too long for type character varying(20)

[SQL: INSERT INTO users (username, email, name, password) VALUES (%(username)s, %(email)s, %(name)s, %(password)s) RETURNING users.id]
[parameters: {'username': 'rubinaa', 'email': 'rubinaa@example.com', 'name': 'Rubina', 'password': 'scrypt:32768:8:1$nJU64KDvnCJ4ltdN$4ee137a72c5849fd3e12706b235ef4d74c97ddb3739bce6af99bea11a6f5ed55e0dddd60f9fc112b1c03047cd9a979606d8f0242d3c2656e22a028d048a117d0'}]
(Background on this error at: https://sqlalche.me/e/20/9h9h)
INFO:werkzeug:127.0.0.1 - - [25/Sep/2023 17:34:12] "[35m[1mPOST /users/register HTTP/1.1[0m" 500 -
INFO:werkzeug: * Detected change in '/home/rubinakumari/LFA/lap4/lap4_project/lap4-project-backend/application/controllers/user.py', reloading
INFO:werkzeug: * Restarting with stat
WARNING:werkzeug: * Debugger is active!
INFO:werkzeug: * Debugger PIN: 659-703-844
INFO:werkzeug: * Detected change in '/home/rubinakumari/LFA/lap4/lap4_project/lap4-project-backend/application/controllers/user.py', reloading
INFO:werkzeug: * Restarting with stat
WARNING:werkzeug: * Debugger is active!
INFO:werkzeug: * Debugger PIN: 659-703-844
INFO:werkzeug: * Detected change in '/home/rubinakumari/LFA/lap4/lap4_project/lap4-project-backend/application/__init__.py', reloading
INFO:werkzeug: * Restarting with stat
WARNING:werkzeug: * Debugger is active!
INFO:werkzeug: * Debugger PIN: 659-703-844
INFO:werkzeug:[31m[1mWARNING: This is a development server. Do not use it in a production deployment. Use a production WSGI server instead.[0m
 * Running on http://127.0.0.1:5000
INFO:werkzeug:[33mPress CTRL+C to quit[0m
INFO:werkzeug: * Restarting with stat
WARNING:werkzeug: * Debugger is active!
INFO:werkzeug: * Debugger PIN: 659-703-844
INFO:werkzeug:127.0.0.1 - - [25/Sep/2023 17:37:00] "OPTIONS /users/register HTTP/1.1" 200 -
ERROR:root:An error occurred: (psycopg2.errors.StringDataRightTruncation) value too long for type character varying(20)

[SQL: INSERT INTO users (username, email, name, password) VALUES (%(username)s, %(email)s, %(name)s, %(password)s) RETURNING users.id]
[parameters: {'username': 'rubinaa', 'email': 'rubinaa@example.com', 'name': 'Rubina', 'password': 'scrypt:32768:8:1$VpiSgYp4pPo4cwKF$00c9208ada4879cc792a8cb74101c58afdeea01be6e26f7832ba79a3233fec7d39825da89919c8d07c3df555a0b307a447ef9f8a3fd3eb750fbbf296dd67ebaa'}]
(Background on this error at: https://sqlalche.me/e/20/9h9h)
INFO:werkzeug:127.0.0.1 - - [25/Sep/2023 17:37:00] "[35m[1mPOST /users/register HTTP/1.1[0m" 500 -
INFO:werkzeug: * Detected change in '/home/rubinakumari/LFA/lap4/lap4_project/lap4-project-backend/application/models/User.py', reloading
INFO:werkzeug: * Restarting with stat
WARNING:werkzeug: * Debugger is active!
INFO:werkzeug: * Debugger PIN: 659-703-844
INFO:werkzeug:127.0.0.1 - - [25/Sep/2023 17:39:28] "OPTIONS /users/register HTTP/1.1" 200 -
ERROR:root:An error occurred: (psycopg2.errors.StringDataRightTruncation) value too long for type character varying(20)

[SQL: INSERT INTO users (username, email, name, password) VALUES (%(username)s, %(email)s, %(name)s, %(password)s) RETURNING users.id]
[parameters: {'username': 'rubinaa', 'email': 'rubinaa@example.com', 'name': 'Rubina', 'password': 'scrypt:32768:8:1$dO50412zooVj1HMC$6d2cff1c8a0052355bab596baddd12f2feda198d18bc7c9e1449cb0f8e55bc6fa37cd6aadfc66ed5fad8cba8ef37272bac9f29535c839bfb79562b808174d5dd'}]
(Background on this error at: https://sqlalche.me/e/20/9h9h)
INFO:werkzeug:127.0.0.1 - - [25/Sep/2023 17:39:28] "[35m[1mPOST /users/register HTTP/1.1[0m" 500 -
INFO:werkzeug:[31m[1mWARNING: This is a development server. Do not use it in a production deployment. Use a production WSGI server instead.[0m
 * Running on http://127.0.0.1:5000
INFO:werkzeug:[33mPress CTRL+C to quit[0m
INFO:werkzeug: * Restarting with stat
WARNING:werkzeug: * Debugger is active!
INFO:werkzeug: * Debugger PIN: 659-703-844
INFO:werkzeug:127.0.0.1 - - [25/Sep/2023 17:39:52] "OPTIONS /users/register HTTP/1.1" 200 -
ERROR:root:An error occurred: Object of type User is not JSON serializable
INFO:werkzeug:127.0.0.1 - - [25/Sep/2023 17:39:53] "[35m[1mPOST /users/register HTTP/1.1[0m" 500 -
INFO:werkzeug:127.0.0.1 - - [25/Sep/2023 17:40:44] "OPTIONS /users/register HTTP/1.1" 200 -
ERROR:root:An error occurred: not enough values to unpack (expected 4, got 1)
INFO:werkzeug:127.0.0.1 - - [25/Sep/2023 17:40:44] "[35m[1mPOST /users/register HTTP/1.1[0m" 500 -
ERROR:root:An error occurred: not enough values to unpack (expected 4, got 1)
INFO:werkzeug:127.0.0.1 - - [25/Sep/2023 17:40:46] "[35m[1mPOST /users/register HTTP/1.1[0m" 500 -
INFO:werkzeug:127.0.0.1 - - [25/Sep/2023 17:41:13] "OPTIONS /users/register HTTP/1.1" 200 -
ERROR:root:An error occurred: not enough values to unpack (expected 4, got 1)
INFO:werkzeug:127.0.0.1 - - [25/Sep/2023 17:41:13] "[35m[1mPOST /users/register HTTP/1.1[0m" 500 -
INFO:werkzeug: * Detected change in '/home/rubinakumari/LFA/lap4/lap4_project/lap4-project-backend/application/__init__.py', reloading
INFO:werkzeug: * Restarting with stat
WARNING:werkzeug: * Debugger is active!
INFO:werkzeug: * Debugger PIN: 659-703-844
INFO:werkzeug:[31m[1mWARNING: This is a development server. Do not use it in a production deployment. Use a production WSGI server instead.[0m
 * Running on http://127.0.0.1:5000
INFO:werkzeug:[33mPress CTRL+C to quit[0m
INFO:werkzeug: * Restarting with stat
WARNING:werkzeug: * Debugger is active!
INFO:werkzeug: * Debugger PIN: 659-703-844
INFO:werkzeug:127.0.0.1 - - [25/Sep/2023 17:41:49] "OPTIONS /users/register HTTP/1.1" 200 -
ERROR:root:An error occurred: not enough values to unpack (expected 4, got 1)
INFO:werkzeug:127.0.0.1 - - [25/Sep/2023 17:41:49] "[35m[1mPOST /users/register HTTP/1.1[0m" 500 -
INFO:werkzeug: * Detected change in '/home/rubinakumari/LFA/lap4/lap4_project/lap4-project-backend/application/routes/user.py', reloading
INFO:werkzeug: * Restarting with stat
WARNING:werkzeug: * Debugger is active!
INFO:werkzeug: * Debugger PIN: 659-703-844
INFO:sqlalchemy.engine.Engine:select pg_catalog.version()
INFO:sqlalchemy.engine.Engine:[raw sql] {}
INFO:sqlalchemy.engine.Engine:select current_schema()
INFO:sqlalchemy.engine.Engine:[raw sql] {}
INFO:sqlalchemy.engine.Engine:show standard_conforming_strings
INFO:sqlalchemy.engine.Engine:[raw sql] {}
INFO:sqlalchemy.engine.Engine:BEGIN (implicit)
INFO:sqlalchemy.engine.Engine:SELECT users.id AS users_id, users.username AS users_username, users.email AS users_email, users.name AS users_name, users.password AS users_password 
FROM users
INFO:sqlalchemy.engine.Engine:[generated in 0.00060s] {}
INFO:sqlalchemy.engine.Engine:ROLLBACK
INFO:werkzeug:127.0.0.1 - - [25/Sep/2023 17:42:56] "GET /users HTTP/1.1" 200 -
INFO:werkzeug:[31m[1mWARNING: This is a development server. Do not use it in a production deployment. Use a production WSGI server instead.[0m
 * Running on http://127.0.0.1:5000
INFO:werkzeug:[33mPress CTRL+C to quit[0m
INFO:werkzeug: * Restarting with stat
WARNING:werkzeug: * Debugger is active!
INFO:werkzeug: * Debugger PIN: 659-703-844
INFO:werkzeug:127.0.0.1 - - [25/Sep/2023 17:44:04] "OPTIONS /users HTTP/1.1" 200 -
ERROR:root:An error occurred: too many values to unpack (expected 4)
INFO:werkzeug:127.0.0.1 - - [25/Sep/2023 17:44:04] "[35m[1mPOST /users HTTP/1.1[0m" 500 -
INFO:werkzeug:127.0.0.1 - - [25/Sep/2023 17:44:13] "OPTIONS /users HTTP/1.1" 200 -
INFO:sqlalchemy.engine.Engine:select pg_catalog.version()
INFO:sqlalchemy.engine.Engine:[raw sql] {}
INFO:sqlalchemy.engine.Engine:select current_schema()
INFO:sqlalchemy.engine.Engine:[raw sql] {}
INFO:sqlalchemy.engine.Engine:show standard_conforming_strings
INFO:sqlalchemy.engine.Engine:[raw sql] {}
INFO:sqlalchemy.engine.Engine:BEGIN (implicit)
INFO:sqlalchemy.engine.Engine:SELECT users.id AS users_id, users.username AS users_username, users.email AS users_email, users.name AS users_name, users.password AS users_password 
FROM users 
WHERE users.username = %(username_1)s 
 LIMIT %(param_1)s
INFO:sqlalchemy.engine.Engine:[generated in 0.00022s] {'username_1': 'rubzz', 'param_1': 1}
INFO:sqlalchemy.engine.Engine:ROLLBACK
INFO:werkzeug:127.0.0.1 - - [25/Sep/2023 17:44:14] "[31m[1mPOST /users HTTP/1.1[0m" 400 -
INFO:werkzeug:127.0.0.1 - - [25/Sep/2023 17:44:20] "OPTIONS /users HTTP/1.1" 200 -
INFO:sqlalchemy.engine.Engine:BEGIN (implicit)
INFO:sqlalchemy.engine.Engine:SELECT users.id AS users_id, users.username AS users_username, users.email AS users_email, users.name AS users_name, users.password AS users_password 
FROM users 
WHERE users.username = %(username_1)s 
 LIMIT %(param_1)s
INFO:sqlalchemy.engine.Engine:[cached since 6.67s ago] {'username_1': 'rubzzzz', 'param_1': 1}
INFO:sqlalchemy.engine.Engine:SELECT users.id AS users_id, users.username AS users_username, users.email AS users_email, users.name AS users_name, users.password AS users_password 
FROM users 
WHERE users.email = %(email_1)s 
 LIMIT %(param_1)s
INFO:sqlalchemy.engine.Engine:[generated in 0.00021s] {'email_1': 'rubz@example.com', 'param_1': 1}
INFO:sqlalchemy.engine.Engine:ROLLBACK
INFO:werkzeug:127.0.0.1 - - [25/Sep/2023 17:44:20] "[31m[1mPOST /users HTTP/1.1[0m" 400 -
INFO:werkzeug:127.0.0.1 - - [25/Sep/2023 17:44:26] "OPTIONS /users HTTP/1.1" 200 -
INFO:sqlalchemy.engine.Engine:BEGIN (implicit)
INFO:sqlalchemy.engine.Engine:SELECT users.id AS users_id, users.username AS users_username, users.email AS users_email, users.name AS users_name, users.password AS users_password 
FROM users 
WHERE users.username = %(username_1)s 
 LIMIT %(param_1)s
INFO:sqlalchemy.engine.Engine:[cached since 12.46s ago] {'username_1': 'rubzzzz', 'param_1': 1}
INFO:sqlalchemy.engine.Engine:SELECT users.id AS users_id, users.username AS users_username, users.email AS users_email, users.name AS users_name, users.password AS users_password 
FROM users 
WHERE users.email = %(email_1)s 
 LIMIT %(param_1)s
INFO:sqlalchemy.engine.Engine:[cached since 5.788s ago] {'email_1': 'rubzzzz@example.com', 'param_1': 1}
INFO:sqlalchemy.engine.Engine:INSERT INTO users (username, email, name, password) VALUES (%(username)s, %(email)s, %(name)s, %(password)s) RETURNING users.id
INFO:sqlalchemy.engine.Engine:[generated in 0.00071s] {'username': 'rubzzzz', 'email': 'rubzzzz@example.com', 'name': 'Rubz', 'password': 'scrypt:32768:8:1$3zXvg4ukSTvvaq3z$bcf0804646dc79f31c115284c458e6d751f70c53d6ce26ef7363c940ce8e6354afde20fb0d81fc2fe5d5891209ef3d38b832bedc4b5c1157d4ff474c239507dc'}
INFO:sqlalchemy.engine.Engine:COMMIT
ERROR:root:An error occurred: Object of type User is not JSON serializable
INFO:werkzeug:127.0.0.1 - - [25/Sep/2023 17:44:26] "[35m[1mPOST /users HTTP/1.1[0m" 500 -
INFO:sqlalchemy.engine.Engine:BEGIN (implicit)
INFO:sqlalchemy.engine.Engine:SELECT users.id AS users_id, users.username AS users_username, users.email AS users_email, users.name AS users_name, users.password AS users_password 
FROM users
INFO:sqlalchemy.engine.Engine:[generated in 0.00015s] {}
INFO:sqlalchemy.engine.Engine:ROLLBACK
INFO:werkzeug:127.0.0.1 - - [25/Sep/2023 17:44:38] "GET /users HTTP/1.1" 200 -
INFO:werkzeug: * Detected change in '/home/rubinakumari/LFA/lap4/lap4_project/lap4-project-backend/application/controllers/user.py', reloading
INFO:werkzeug: * Restarting with stat
WARNING:werkzeug: * Debugger is active!
INFO:werkzeug: * Debugger PIN: 659-703-844
INFO:werkzeug:127.0.0.1 - - [25/Sep/2023 17:45:31] "OPTIONS /users HTTP/1.1" 200 -
INFO:sqlalchemy.engine.Engine:select pg_catalog.version()
INFO:sqlalchemy.engine.Engine:[raw sql] {}
INFO:sqlalchemy.engine.Engine:select current_schema()
INFO:sqlalchemy.engine.Engine:[raw sql] {}
INFO:sqlalchemy.engine.Engine:show standard_conforming_strings
INFO:sqlalchemy.engine.Engine:[raw sql] {}
INFO:sqlalchemy.engine.Engine:BEGIN (implicit)
INFO:sqlalchemy.engine.Engine:SELECT users.id AS users_id, users.username AS users_username, users.email AS users_email, users.name AS users_name, users.password AS users_password 
FROM users 
WHERE users.username = %(username_1)s 
 LIMIT %(param_1)s
INFO:sqlalchemy.engine.Engine:[generated in 0.00043s] {'username_1': 'rrrubzzzz', 'param_1': 1}
INFO:sqlalchemy.engine.Engine:SELECT users.id AS users_id, users.username AS users_username, users.email AS users_email, users.name AS users_name, users.password AS users_password 
FROM users 
WHERE users.email = %(email_1)s 
 LIMIT %(param_1)s
INFO:sqlalchemy.engine.Engine:[generated in 0.00029s] {'email_1': 'rubzzzz@example.com', 'param_1': 1}
INFO:sqlalchemy.engine.Engine:ROLLBACK
INFO:werkzeug:127.0.0.1 - - [25/Sep/2023 17:45:32] "[31m[1mPOST /users HTTP/1.1[0m" 400 -
INFO:werkzeug:127.0.0.1 - - [25/Sep/2023 17:45:39] "OPTIONS /users HTTP/1.1" 200 -
INFO:sqlalchemy.engine.Engine:BEGIN (implicit)
INFO:sqlalchemy.engine.Engine:SELECT users.id AS users_id, users.username AS users_username, users.email AS users_email, users.name AS users_name, users.password AS users_password 
FROM users 
WHERE users.username = %(username_1)s 
 LIMIT %(param_1)s
INFO:sqlalchemy.engine.Engine:[cached since 6.783s ago] {'username_1': 'rrrubzzzz', 'param_1': 1}
INFO:sqlalchemy.engine.Engine:SELECT users.id AS users_id, users.username AS users_username, users.email AS users_email, users.name AS users_name, users.password AS users_password 
FROM users 
WHERE users.email = %(email_1)s 
 LIMIT %(param_1)s
INFO:sqlalchemy.engine.Engine:[cached since 6.696s ago] {'email_1': 'ruuubzzzz@example.com', 'param_1': 1}
ERROR:root:An error occurred: Object of type User is not JSON serializable
INFO:sqlalchemy.engine.Engine:ROLLBACK
INFO:werkzeug:127.0.0.1 - - [25/Sep/2023 17:45:39] "[35m[1mPOST /users HTTP/1.1[0m" 500 -
INFO:sqlalchemy.engine.Engine:BEGIN (implicit)
INFO:sqlalchemy.engine.Engine:SELECT users.id AS users_id, users.username AS users_username, users.email AS users_email, users.name AS users_name, users.password AS users_password 
FROM users
INFO:sqlalchemy.engine.Engine:[generated in 0.00031s] {}
INFO:sqlalchemy.engine.Engine:ROLLBACK
INFO:werkzeug:127.0.0.1 - - [25/Sep/2023 17:45:43] "GET /users HTTP/1.1" 200 -
INFO:werkzeug: * Detected change in '/home/rubinakumari/LFA/lap4/lap4_project/lap4-project-backend/application/controllers/user.py', reloading
INFO:werkzeug: * Restarting with stat
WARNING:werkzeug: * Debugger is active!
INFO:werkzeug: * Debugger PIN: 659-703-844
INFO:werkzeug: * Detected change in '/home/rubinakumari/LFA/lap4/lap4_project/lap4-project-backend/application/controllers/user.py', reloading
INFO:werkzeug: * Restarting with stat
WARNING:werkzeug: * Debugger is active!
INFO:werkzeug: * Debugger PIN: 659-703-844
INFO:werkzeug: * Detected change in '/home/rubinakumari/LFA/lap4/lap4_project/lap4-project-backend/application/controllers/user.py', reloading
INFO:werkzeug: * Restarting with stat
WARNING:werkzeug: * Debugger is active!
INFO:werkzeug: * Debugger PIN: 659-703-844
INFO:werkzeug:127.0.0.1 - - [25/Sep/2023 17:48:07] "OPTIONS /users HTTP/1.1" 200 -
INFO:sqlalchemy.engine.Engine:select pg_catalog.version()
INFO:sqlalchemy.engine.Engine:[raw sql] {}
INFO:sqlalchemy.engine.Engine:select current_schema()
INFO:sqlalchemy.engine.Engine:[raw sql] {}
INFO:sqlalchemy.engine.Engine:show standard_conforming_strings
INFO:sqlalchemy.engine.Engine:[raw sql] {}
INFO:sqlalchemy.engine.Engine:BEGIN (implicit)
INFO:sqlalchemy.engine.Engine:SELECT users.id AS users_id, users.username AS users_username, users.email AS users_email, users.name AS users_name, users.password AS users_password 
FROM users 
WHERE users.username = %(username_1)s 
 LIMIT %(param_1)s
INFO:sqlalchemy.engine.Engine:[generated in 0.00023s] {'username_1': 'rrrubzzzz', 'param_1': 1}
INFO:sqlalchemy.engine.Engine:SELECT users.id AS users_id, users.username AS users_username, users.email AS users_email, users.name AS users_name, users.password AS users_password 
FROM users 
WHERE users.email = %(email_1)s 
 LIMIT %(param_1)s
INFO:sqlalchemy.engine.Engine:[generated in 0.00033s] {'email_1': 'ruuubzzzz@example.com', 'param_1': 1}
INFO:sqlalchemy.engine.Engine:INSERT INTO users (username, email, name, password) VALUES (%(username)s, %(email)s, %(name)s, %(password)s) RETURNING users.id
INFO:sqlalchemy.engine.Engine:[generated in 0.00023s] {'username': 'rrrubzzzz', 'email': 'ruuubzzzz@example.com', 'name': 'Rubz', 'password': 'scrypt:32768:8:1$Vpm6L1Oqgsyo3u7V$b5d247e47aa544ed9008977e72cefee7ec23b76b515134a1a8a72892506800951860340096fddd8c658ec556e5caed47e820d3663c362375e573275f94fb377a'}
INFO:sqlalchemy.engine.Engine:COMMIT
ERROR:root:An error occurred: Object of type User is not JSON serializable
INFO:werkzeug:127.0.0.1 - - [25/Sep/2023 17:48:08] "[35m[1mPOST /users HTTP/1.1[0m" 500 -
INFO:werkzeug: * Detected change in '/home/rubinakumari/LFA/lap4/lap4_project/lap4-project-backend/application/controllers/user.py', reloading
INFO:werkzeug: * Restarting with stat
WARNING:werkzeug: * Debugger is active!
INFO:werkzeug: * Debugger PIN: 659-703-844
INFO:werkzeug: * Detected change in '/home/rubinakumari/LFA/lap4/lap4_project/lap4-project-backend/application/controllers/user.py', reloading
INFO:werkzeug: * Restarting with stat
WARNING:werkzeug: * Debugger is active!
INFO:werkzeug: * Debugger PIN: 659-703-844
INFO:werkzeug:127.0.0.1 - - [25/Sep/2023 17:48:46] "OPTIONS /users HTTP/1.1" 200 -
INFO:sqlalchemy.engine.Engine:select pg_catalog.version()
INFO:sqlalchemy.engine.Engine:[raw sql] {}
INFO:sqlalchemy.engine.Engine:select current_schema()
INFO:sqlalchemy.engine.Engine:[raw sql] {}
INFO:sqlalchemy.engine.Engine:show standard_conforming_strings
INFO:sqlalchemy.engine.Engine:[raw sql] {}
INFO:sqlalchemy.engine.Engine:BEGIN (implicit)
INFO:sqlalchemy.engine.Engine:SELECT users.id AS users_id, users.username AS users_username, users.email AS users_email, users.name AS users_name, users.password AS users_password 
FROM users 
WHERE users.username = %(username_1)s 
 LIMIT %(param_1)s
INFO:sqlalchemy.engine.Engine:[generated in 0.00021s] {'username_1': 'rrrubzzzz', 'param_1': 1}
INFO:sqlalchemy.engine.Engine:ROLLBACK
INFO:werkzeug:127.0.0.1 - - [25/Sep/2023 17:48:46] "[31m[1mPOST /users HTTP/1.1[0m" 400 -
INFO:werkzeug:127.0.0.1 - - [25/Sep/2023 17:48:59] "OPTIONS /users HTTP/1.1" 200 -
INFO:sqlalchemy.engine.Engine:BEGIN (implicit)
INFO:sqlalchemy.engine.Engine:SELECT users.id AS users_id, users.username AS users_username, users.email AS users_email, users.name AS users_name, users.password AS users_password 
FROM users 
WHERE users.username = %(username_1)s 
 LIMIT %(param_1)s
INFO:sqlalchemy.engine.Engine:[cached since 12.86s ago] {'username_1': 'urghhh', 'param_1': 1}
INFO:sqlalchemy.engine.Engine:SELECT users.id AS users_id, users.username AS users_username, users.email AS users_email, users.name AS users_name, users.password AS users_password 
FROM users 
WHERE users.email = %(email_1)s 
 LIMIT %(param_1)s
INFO:sqlalchemy.engine.Engine:[generated in 0.00022s] {'email_1': 'urghhh@example.com', 'param_1': 1}
INFO:sqlalchemy.engine.Engine:INSERT INTO users (username, email, name, password) VALUES (%(username)s, %(email)s, %(name)s, %(password)s) RETURNING users.id
INFO:sqlalchemy.engine.Engine:[generated in 0.00031s] {'username': 'urghhh', 'email': 'urghhh@example.com', 'name': 'Rubz', 'password': 'scrypt:32768:8:1$I91ftWk8izsMbz0k$f7dddbadff624d0bf1713079a12a4aa61c817f5bd2d8646ec1481457e826631682119300bafc08c8edc7ee8a1a338e0a3f18f85f76c96d29f445b51f41eb4413'}
INFO:sqlalchemy.engine.Engine:COMMIT
ERROR:root:An error occurred: Object of type User is not JSON serializable
INFO:werkzeug:127.0.0.1 - - [25/Sep/2023 17:48:59] "[35m[1mPOST /users HTTP/1.1[0m" 500 -
INFO:werkzeug: * Detected change in '/home/rubinakumari/LFA/lap4/lap4_project/lap4-project-backend/application/controllers/user.py', reloading
INFO:werkzeug: * Restarting with stat
WARNING:werkzeug: * Debugger is active!
INFO:werkzeug: * Debugger PIN: 659-703-844
INFO:werkzeug:127.0.0.1 - - [25/Sep/2023 17:50:19] "OPTIONS /users HTTP/1.1" 200 -
INFO:sqlalchemy.engine.Engine:select pg_catalog.version()
INFO:sqlalchemy.engine.Engine:[raw sql] {}
INFO:sqlalchemy.engine.Engine:select current_schema()
INFO:sqlalchemy.engine.Engine:[raw sql] {}
INFO:sqlalchemy.engine.Engine:show standard_conforming_strings
INFO:sqlalchemy.engine.Engine:[raw sql] {}
INFO:sqlalchemy.engine.Engine:BEGIN (implicit)
INFO:sqlalchemy.engine.Engine:SELECT users.id AS users_id, users.username AS users_username, users.email AS users_email, users.name AS users_name, users.password AS users_password 
FROM users 
WHERE users.username = %(username_1)s 
 LIMIT %(param_1)s
INFO:sqlalchemy.engine.Engine:[generated in 0.00032s] {'username_1': 'urghhhhh', 'param_1': 1}
INFO:sqlalchemy.engine.Engine:SELECT users.id AS users_id, users.username AS users_username, users.email AS users_email, users.name AS users_name, users.password AS users_password 
FROM users 
WHERE users.email = %(email_1)s 
 LIMIT %(param_1)s
INFO:sqlalchemy.engine.Engine:[generated in 0.00026s] {'email_1': 'urghhhhh@example.com', 'param_1': 1}
INFO:sqlalchemy.engine.Engine:INSERT INTO users (username, email, name, password) VALUES (%(username)s, %(email)s, %(name)s, %(password)s) RETURNING users.id
INFO:sqlalchemy.engine.Engine:[generated in 0.00022s] {'username': 'urghhhhh', 'email': 'urghhhhh@example.com', 'name': 'Rubz', 'password': 'scrypt:32768:8:1$Qcu6tM7xRsIu8IBR$25a2b4ff6e6ac27ab8dd7f9298d134d5942e110ff71dce6b1423b628ed4529e77942b5c107981ddedaef363cb84a1e1ba7844db0cfecdd3c6e70cdb86f75ea20'}
INFO:sqlalchemy.engine.Engine:COMMIT
INFO:werkzeug:127.0.0.1 - - [25/Sep/2023 17:50:19] "[35m[1mPOST /users HTTP/1.1[0m" 201 -
INFO:werkzeug: * Detected change in '/home/rubinakumari/LFA/lap4/lap4_project/lap4-project-backend/application/controllers/user.py', reloading
INFO:werkzeug: * Restarting with stat
WARNING:werkzeug: * Debugger is active!
INFO:werkzeug: * Debugger PIN: 659-703-844
INFO:werkzeug:127.0.0.1 - - [25/Sep/2023 17:51:16] "OPTIONS /users HTTP/1.1" 200 -
INFO:sqlalchemy.engine.Engine:select pg_catalog.version()
INFO:sqlalchemy.engine.Engine:[raw sql] {}
INFO:sqlalchemy.engine.Engine:select current_schema()
INFO:sqlalchemy.engine.Engine:[raw sql] {}
INFO:sqlalchemy.engine.Engine:show standard_conforming_strings
INFO:sqlalchemy.engine.Engine:[raw sql] {}
INFO:sqlalchemy.engine.Engine:BEGIN (implicit)
INFO:sqlalchemy.engine.Engine:SELECT users.id AS users_id, users.username AS users_username, users.email AS users_email, users.name AS users_name, users.password AS users_password 
FROM users 
WHERE users.username = %(username_1)s 
 LIMIT %(param_1)s
INFO:sqlalchemy.engine.Engine:[generated in 0.00026s] {'username_1': 'lets see', 'param_1': 1}
INFO:sqlalchemy.engine.Engine:SELECT users.id AS users_id, users.username AS users_username, users.email AS users_email, users.name AS users_name, users.password AS users_password 
FROM users 
WHERE users.email = %(email_1)s 
 LIMIT %(param_1)s
INFO:sqlalchemy.engine.Engine:[generated in 0.00034s] {'email_1': 'see@example.com', 'param_1': 1}
INFO:sqlalchemy.engine.Engine:INSERT INTO users (username, email, name, password) VALUES (%(username)s, %(email)s, %(name)s, %(password)s) RETURNING users.id
INFO:sqlalchemy.engine.Engine:[generated in 0.00022s] {'username': 'lets see', 'email': 'see@example.com', 'name': 'Rubz', 'password': 'scrypt:32768:8:1$98hYsHAE5Ch4GOT9$6cbd1d8de4b1529d2741a893e0b35428d3fdf8fe02b2bf8907f2bad0d354aa6402aeffea5d5e1c98145d850aaeab4cb01f8c125e19771d806773e16a1b3249a0'}
INFO:sqlalchemy.engine.Engine:COMMIT
INFO:sqlalchemy.engine.Engine:BEGIN (implicit)
INFO:sqlalchemy.engine.Engine:SELECT users.id AS users_id, users.username AS users_username, users.email AS users_email, users.name AS users_name, users.password AS users_password 
FROM users 
WHERE users.id = %(pk_1)s
INFO:sqlalchemy.engine.Engine:[generated in 0.00018s] {'pk_1': 12}
INFO:sqlalchemy.engine.Engine:ROLLBACK
INFO:werkzeug:127.0.0.1 - - [25/Sep/2023 17:51:17] "[35m[1mPOST /users HTTP/1.1[0m" 201 -
INFO:werkzeug: * Detected change in '/home/rubinakumari/LFA/lap4/lap4_project/lap4-project-backend/application/__init__.py', reloading
INFO:werkzeug: * Restarting with stat
WARNING:werkzeug: * Debugger is active!
INFO:werkzeug: * Debugger PIN: 659-703-844
INFO:werkzeug:127.0.0.1 - - [25/Sep/2023 17:52:44] "OPTIONS /users HTTP/1.1" 200 -
INFO:werkzeug:127.0.0.1 - - [25/Sep/2023 17:52:44] "[35m[1mPOST /users HTTP/1.1[0m" 201 -
INFO:werkzeug: * Detected change in '/home/rubinakumari/LFA/lap4/lap4_project/lap4-project-backend/application/controllers/user.py', reloading
INFO:werkzeug: * Restarting with stat
WARNING:werkzeug: * Debugger is active!
INFO:werkzeug: * Debugger PIN: 659-703-844
INFO:werkzeug:127.0.0.1 - - [25/Sep/2023 17:53:28] "OPTIONS /users HTTP/1.1" 200 -
ERROR:root:An error occurred: Object of type User is not JSON serializable
INFO:werkzeug:127.0.0.1 - - [25/Sep/2023 17:53:30] "[35m[1mPOST /users HTTP/1.1[0m" 500 -
INFO:werkzeug: * Detected change in '/home/rubinakumari/LFA/lap4/lap4_project/lap4-project-backend/application/controllers/user.py', reloading
INFO:werkzeug: * Restarting with stat
WARNING:werkzeug: * Debugger is active!
INFO:werkzeug: * Debugger PIN: 659-703-844
INFO:werkzeug:127.0.0.1 - - [25/Sep/2023 17:53:53] "OPTIONS /users HTTP/1.1" 200 -
INFO:werkzeug:127.0.0.1 - - [25/Sep/2023 17:53:53] "[31m[1mPOST /users HTTP/1.1[0m" 400 -
INFO:werkzeug:127.0.0.1 - - [25/Sep/2023 17:53:59] "OPTIONS /users HTTP/1.1" 200 -
INFO:werkzeug:127.0.0.1 - - [25/Sep/2023 17:53:59] "[35m[1mPOST /users HTTP/1.1[0m" 201 -
INFO:werkzeug: * Detected change in '/home/rubinakumari/LFA/lap4/lap4_project/lap4-project-backend/application/routes/user.py', reloading
INFO:werkzeug: * Restarting with stat
WARNING:werkzeug: * Debugger is active!
INFO:werkzeug: * Debugger PIN: 659-703-844
INFO:werkzeug:127.0.0.1 - - [25/Sep/2023 17:55:05] "OPTIONS /users/register HTTP/1.1" 200 -
INFO:werkzeug:127.0.0.1 - - [25/Sep/2023 17:55:06] "[35m[1mPOST /users/register HTTP/1.1[0m" 201 -
INFO:werkzeug:127.0.0.1 - - [25/Sep/2023 17:55:12] "GET /users HTTP/1.1" 200 -
INFO:werkzeug:[31m[1mWARNING: This is a development server. Do not use it in a production deployment. Use a production WSGI server instead.[0m
 * Running on http://127.0.0.1:5000
INFO:werkzeug:[33mPress CTRL+C to quit[0m
INFO:werkzeug: * Restarting with stat
WARNING:werkzeug: * Debugger is active!
INFO:werkzeug: * Debugger PIN: 659-703-844
INFO:werkzeug:127.0.0.1 - - [25/Sep/2023 17:56:38] "OPTIONS /users/16 HTTP/1.1" 200 -
INFO:werkzeug:127.0.0.1 - - [25/Sep/2023 17:56:38] "DELETE /users/16 HTTP/1.1" 200 -
INFO:werkzeug:127.0.0.1 - - [25/Sep/2023 17:56:45] "OPTIONS /users/15 HTTP/1.1" 200 -
INFO:werkzeug:127.0.0.1 - - [25/Sep/2023 17:56:45] "DELETE /users/15 HTTP/1.1" 200 -
INFO:werkzeug:127.0.0.1 - - [25/Sep/2023 17:56:48] "GET /users HTTP/1.1" 200 -
INFO:werkzeug:127.0.0.1 - - [25/Sep/2023 17:57:02] "OPTIONS /users/6 HTTP/1.1" 200 -
INFO:werkzeug:127.0.0.1 - - [25/Sep/2023 17:57:02] "DELETE /users/6 HTTP/1.1" 200 -
INFO:werkzeug:127.0.0.1 - - [25/Sep/2023 17:57:04] "OPTIONS /users/7 HTTP/1.1" 200 -
INFO:werkzeug:127.0.0.1 - - [25/Sep/2023 17:57:04] "DELETE /users/7 HTTP/1.1" 200 -
INFO:werkzeug:127.0.0.1 - - [25/Sep/2023 17:57:05] "OPTIONS /users/8 HTTP/1.1" 200 -
INFO:werkzeug:127.0.0.1 - - [25/Sep/2023 17:57:06] "DELETE /users/8 HTTP/1.1" 200 -
INFO:werkzeug:127.0.0.1 - - [25/Sep/2023 17:57:07] "OPTIONS /users/9 HTTP/1.1" 200 -
INFO:werkzeug:127.0.0.1 - - [25/Sep/2023 17:57:07] "DELETE /users/9 HTTP/1.1" 200 -
INFO:werkzeug:127.0.0.1 - - [25/Sep/2023 17:57:10] "OPTIONS /users/10 HTTP/1.1" 200 -
INFO:werkzeug:127.0.0.1 - - [25/Sep/2023 17:57:10] "DELETE /users/10 HTTP/1.1" 200 -
INFO:werkzeug:127.0.0.1 - - [25/Sep/2023 17:57:12] "OPTIONS /users/11 HTTP/1.1" 200 -
INFO:werkzeug:127.0.0.1 - - [25/Sep/2023 17:57:12] "DELETE /users/11 HTTP/1.1" 200 -
INFO:werkzeug:127.0.0.1 - - [25/Sep/2023 17:57:14] "OPTIONS /users/12 HTTP/1.1" 200 -
INFO:werkzeug:127.0.0.1 - - [25/Sep/2023 17:57:14] "DELETE /users/12 HTTP/1.1" 200 -
INFO:werkzeug:127.0.0.1 - - [25/Sep/2023 17:57:16] "OPTIONS /users/13 HTTP/1.1" 200 -
INFO:werkzeug:127.0.0.1 - - [25/Sep/2023 17:57:16] "DELETE /users/13 HTTP/1.1" 200 -
INFO:werkzeug:127.0.0.1 - - [25/Sep/2023 17:57:18] "OPTIONS /users/14 HTTP/1.1" 200 -
INFO:werkzeug:127.0.0.1 - - [25/Sep/2023 17:57:18] "DELETE /users/14 HTTP/1.1" 200 -
INFO:werkzeug:127.0.0.1 - - [25/Sep/2023 17:57:20] "GET /users HTTP/1.1" 200 -
